[24-Dec-2024 16:32:33 UTC] PHP Parse error:  syntax error, unexpected token "=", expecting "," or ";" in C:\Users\tonyt\Local Sites\fictional-university\app\public\experiment.php on line 8
[24-Dec-2024 21:22:02 UTC] PHP Parse error:  syntax error, unexpected token "}", expecting "," or ";" in C:\Users\tonyt\Local Sites\fictional-university\app\public\wp-content\themes\fictional-university-theme\index.php on line 6
[24-Dec-2024 21:23:34 UTC] PHP Warning:  Undefined variable $color in C:\Users\tonyt\Local Sites\fictional-university\app\public\wp-content\themes\fictional-university-theme\index.php on line 4
[24-Dec-2024 21:46:52 UTC] PHP Warning:  Undefined variable $names in C:\Users\tonyt\Local Sites\fictional-university\app\public\wp-content\themes\fictional-university-theme\index.php on line 20
[24-Dec-2024 21:46:52 UTC] PHP Warning:  Trying to access array offset on value of type null in C:\Users\tonyt\Local Sites\fictional-university\app\public\wp-content\themes\fictional-university-theme\index.php on line 20
[24-Dec-2024 21:47:02 UTC] PHP Warning:  Undefined variable $names in C:\Users\tonyt\Local Sites\fictional-university\app\public\wp-content\themes\fictional-university-theme\index.php on line 20
[24-Dec-2024 21:47:02 UTC] PHP Warning:  Trying to access array offset on value of type null in C:\Users\tonyt\Local Sites\fictional-university\app\public\wp-content\themes\fictional-university-theme\index.php on line 20
[24-Dec-2024 21:47:17 UTC] PHP Warning:  Undefined variable $names in C:\Users\tonyt\Local Sites\fictional-university\app\public\wp-content\themes\fictional-university-theme\index.php on line 20
[24-Dec-2024 21:47:17 UTC] PHP Warning:  Trying to access array offset on value of type null in C:\Users\tonyt\Local Sites\fictional-university\app\public\wp-content\themes\fictional-university-theme\index.php on line 20
[24-Dec-2024 21:47:21 UTC] PHP Warning:  Undefined variable $names in C:\Users\tonyt\Local Sites\fictional-university\app\public\wp-content\themes\fictional-university-theme\index.php on line 20
[24-Dec-2024 21:47:21 UTC] PHP Warning:  Trying to access array offset on value of type null in C:\Users\tonyt\Local Sites\fictional-university\app\public\wp-content\themes\fictional-university-theme\index.php on line 20
[24-Dec-2024 21:47:49 UTC] PHP Warning:  Undefined variable $names in C:\Users\tonyt\Local Sites\fictional-university\app\public\wp-content\themes\fictional-university-theme\index.php on line 20
[24-Dec-2024 21:47:49 UTC] PHP Warning:  Trying to access array offset on value of type null in C:\Users\tonyt\Local Sites\fictional-university\app\public\wp-content\themes\fictional-university-theme\index.php on line 20
[24-Dec-2024 21:51:48 UTC] PHP Parse error:  syntax error, unexpected token "++" in C:\Users\tonyt\Local Sites\fictional-university\app\public\wp-content\themes\fictional-university-theme\index.php on line 8
[24-Dec-2024 21:53:41 UTC] PHP Fatal error:  Uncaught Error: Value of type int is not callable in C:\Users\tonyt\Local Sites\fictional-university\app\public\wp-content\themes\fictional-university-theme\index.php:6
Stack trace:
#0 C:\Users\tonyt\Local Sites\fictional-university\app\public\wp-includes\template-loader.php(106): include()
#1 C:\Users\tonyt\Local Sites\fictional-university\app\public\wp-blog-header.php(19): require_once('C:\\Users\\tonyt\\...')
#2 C:\Users\tonyt\Local Sites\fictional-university\app\public\index.php(17): require('C:\\Users\\tonyt\\...')
#3 {main}
  thrown in C:\Users\tonyt\Local Sites\fictional-university\app\public\wp-content\themes\fictional-university-theme\index.php on line 6
[24-Dec-2024 21:53:48 UTC] PHP Fatal error:  Uncaught Error: Value of type int is not callable in C:\Users\tonyt\Local Sites\fictional-university\app\public\wp-content\themes\fictional-university-theme\index.php:6
Stack trace:
#0 C:\Users\tonyt\Local Sites\fictional-university\app\public\wp-includes\template-loader.php(106): include()
#1 C:\Users\tonyt\Local Sites\fictional-university\app\public\wp-blog-header.php(19): require_once('C:\\Users\\tonyt\\...')
#2 C:\Users\tonyt\Local Sites\fictional-university\app\public\index.php(17): require('C:\\Users\\tonyt\\...')
#3 {main}
  thrown in C:\Users\tonyt\Local Sites\fictional-university\app\public\wp-content\themes\fictional-university-theme\index.php on line 6
[24-Dec-2024 21:53:48 UTC] PHP Fatal error:  Uncaught Error: Value of type int is not callable in C:\Users\tonyt\Local Sites\fictional-university\app\public\wp-content\themes\fictional-university-theme\index.php:6
Stack trace:
#0 C:\Users\tonyt\Local Sites\fictional-university\app\public\wp-includes\template-loader.php(106): include()
#1 C:\Users\tonyt\Local Sites\fictional-university\app\public\wp-blog-header.php(19): require_once('C:\\Users\\tonyt\\...')
#2 C:\Users\tonyt\Local Sites\fictional-university\app\public\index.php(17): require('C:\\Users\\tonyt\\...')
#3 {main}
  thrown in C:\Users\tonyt\Local Sites\fictional-university\app\public\wp-content\themes\fictional-university-theme\index.php on line 6
[24-Dec-2024 21:54:05 UTC] PHP Fatal error:  Uncaught Error: Value of type int is not callable in C:\Users\tonyt\Local Sites\fictional-university\app\public\wp-content\themes\fictional-university-theme\index.php:6
Stack trace:
#0 C:\Users\tonyt\Local Sites\fictional-university\app\public\wp-includes\template-loader.php(106): include()
#1 C:\Users\tonyt\Local Sites\fictional-university\app\public\wp-blog-header.php(19): require_once('C:\\Users\\tonyt\\...')
#2 C:\Users\tonyt\Local Sites\fictional-university\app\public\index.php(17): require('C:\\Users\\tonyt\\...')
#3 {main}
  thrown in C:\Users\tonyt\Local Sites\fictional-university\app\public\wp-content\themes\fictional-university-theme\index.php on line 6
[24-Dec-2024 21:54:07 UTC] PHP Fatal error:  Uncaught Error: Value of type int is not callable in C:\Users\tonyt\Local Sites\fictional-university\app\public\wp-content\themes\fictional-university-theme\index.php:6
Stack trace:
#0 C:\Users\tonyt\Local Sites\fictional-university\app\public\wp-includes\template-loader.php(106): include()
#1 C:\Users\tonyt\Local Sites\fictional-university\app\public\wp-blog-header.php(19): require_once('C:\\Users\\tonyt\\...')
#2 C:\Users\tonyt\Local Sites\fictional-university\app\public\index.php(17): require('C:\\Users\\tonyt\\...')
#3 {main}
  thrown in C:\Users\tonyt\Local Sites\fictional-university\app\public\wp-content\themes\fictional-university-theme\index.php on line 6
[24-Dec-2024 21:54:08 UTC] PHP Fatal error:  Uncaught Error: Value of type int is not callable in C:\Users\tonyt\Local Sites\fictional-university\app\public\wp-content\themes\fictional-university-theme\index.php:6
Stack trace:
#0 C:\Users\tonyt\Local Sites\fictional-university\app\public\wp-includes\template-loader.php(106): include()
#1 C:\Users\tonyt\Local Sites\fictional-university\app\public\wp-blog-header.php(19): require_once('C:\\Users\\tonyt\\...')
#2 C:\Users\tonyt\Local Sites\fictional-university\app\public\index.php(17): require('C:\\Users\\tonyt\\...')
#3 {main}
  thrown in C:\Users\tonyt\Local Sites\fictional-university\app\public\wp-content\themes\fictional-university-theme\index.php on line 6
[24-Dec-2024 21:56:02 UTC] PHP Fatal error:  Uncaught Error: Value of type int is not callable in C:\Users\tonyt\Local Sites\fictional-university\app\public\wp-content\themes\fictional-university-theme\index.php:6
Stack trace:
#0 C:\Users\tonyt\Local Sites\fictional-university\app\public\wp-includes\template-loader.php(106): include()
#1 C:\Users\tonyt\Local Sites\fictional-university\app\public\wp-blog-header.php(19): require_once('C:\\Users\\tonyt\\...')
#2 C:\Users\tonyt\Local Sites\fictional-university\app\public\index.php(17): require('C:\\Users\\tonyt\\...')
#3 {main}
  thrown in C:\Users\tonyt\Local Sites\fictional-university\app\public\wp-content\themes\fictional-university-theme\index.php on line 6
[24-Dec-2024 22:10:12 UTC] PHP Parse error:  Unmatched '}' in C:\Users\tonyt\Local Sites\fictional-university\app\public\wp-content\themes\fictional-university-theme\index.php on line 8
[26-Dec-2024 13:54:43 UTC] PHP Parse error:  Unmatched '}' in C:\Users\tonyt\Local Sites\fictional-university\app\public\wp-content\themes\fictional-university-theme\index.php on line 11
[26-Dec-2024 13:56:02 UTC] PHP Parse error:  Unmatched '}' in C:\Users\tonyt\Local Sites\fictional-university\app\public\wp-content\themes\fictional-university-theme\index.php on line 11
[26-Dec-2024 13:56:04 UTC] PHP Parse error:  Unmatched '}' in C:\Users\tonyt\Local Sites\fictional-university\app\public\wp-content\themes\fictional-university-theme\index.php on line 11
[26-Dec-2024 13:56:04 UTC] PHP Parse error:  Unmatched '}' in C:\Users\tonyt\Local Sites\fictional-university\app\public\wp-content\themes\fictional-university-theme\index.php on line 11
[26-Dec-2024 14:52:42 UTC] PHP Fatal error:  Uncaught TypeError: call_user_func_array(): Argument #1 ($callback) must be a valid callback, function "university_files" not found or invalid function name in C:\Users\tonyt\Local Sites\fictional-university\app\public\wp-includes\class-wp-hook.php:324
Stack trace:
#0 C:\Users\tonyt\Local Sites\fictional-university\app\public\wp-includes\class-wp-hook.php(348): WP_Hook->apply_filters(NULL, Array)
#1 C:\Users\tonyt\Local Sites\fictional-university\app\public\wp-includes\plugin.php(517): WP_Hook->do_action(Array)
#2 C:\Users\tonyt\Local Sites\fictional-university\app\public\wp-includes\script-loader.php(2272): do_action('wp_enqueue_scri...')
#3 C:\Users\tonyt\Local Sites\fictional-university\app\public\wp-includes\class-wp-hook.php(324): wp_enqueue_scripts('')
#4 C:\Users\tonyt\Local Sites\fictional-university\app\public\wp-includes\class-wp-hook.php(348): WP_Hook->apply_filters(NULL, Array)
#5 C:\Users\tonyt\Local Sites\fictional-university\app\public\wp-includes\plugin.php(517): WP_Hook->do_action(Array)
#6 C:\Users\tonyt\Local Sites\fictional-university\app\public\wp-includes\general-template.php(3064): do_action('wp_head')
#7 C:\Users\tonyt\Local Sites\fictional-university\app\public\wp-content\themes\fictional-university-theme\header.php(7): wp_head()
#8 C:\Users\tonyt\Local Sites\fictional-university\app\public\wp-includes\template.php(810): require_once('C:\\Users\\tonyt\\...')
#9 C:\Users\tonyt\Local Sites\fictional-university\app\public\wp-includes\template.php(745): load_template('C:\\Users\\tonyt\\...', true, Array)
#10 C:\Users\tonyt\Local Sites\fictional-university\app\public\wp-includes\general-template.php(48): locate_template(Array, true, true, Array)
#11 C:\Users\tonyt\Local Sites\fictional-university\app\public\wp-content\themes\fictional-university-theme\single.php(2): get_header()
#12 C:\Users\tonyt\Local Sites\fictional-university\app\public\wp-includes\template-loader.php(106): include('C:\\Users\\tonyt\\...')
#13 C:\Users\tonyt\Local Sites\fictional-university\app\public\wp-blog-header.php(19): require_once('C:\\Users\\tonyt\\...')
#14 C:\Users\tonyt\Local Sites\fictional-university\app\public\index.php(17): require('C:\\Users\\tonyt\\...')
#15 {main}
  thrown in C:\Users\tonyt\Local Sites\fictional-university\app\public\wp-includes\class-wp-hook.php on line 324
[26-Dec-2024 14:55:00 UTC] PHP Fatal error:  Uncaught TypeError: call_user_func_array(): Argument #1 ($callback) must be a valid callback, function "university_files" not found or invalid function name in C:\Users\tonyt\Local Sites\fictional-university\app\public\wp-includes\class-wp-hook.php:324
Stack trace:
#0 C:\Users\tonyt\Local Sites\fictional-university\app\public\wp-includes\class-wp-hook.php(348): WP_Hook->apply_filters(NULL, Array)
#1 C:\Users\tonyt\Local Sites\fictional-university\app\public\wp-includes\plugin.php(517): WP_Hook->do_action(Array)
#2 C:\Users\tonyt\Local Sites\fictional-university\app\public\wp-includes\script-loader.php(2272): do_action('wp_enqueue_scri...')
#3 C:\Users\tonyt\Local Sites\fictional-university\app\public\wp-includes\class-wp-hook.php(324): wp_enqueue_scripts('')
#4 C:\Users\tonyt\Local Sites\fictional-university\app\public\wp-includes\class-wp-hook.php(348): WP_Hook->apply_filters(NULL, Array)
#5 C:\Users\tonyt\Local Sites\fictional-university\app\public\wp-includes\plugin.php(517): WP_Hook->do_action(Array)
#6 C:\Users\tonyt\Local Sites\fictional-university\app\public\wp-includes\general-template.php(3064): do_action('wp_head')
#7 C:\Users\tonyt\Local Sites\fictional-university\app\public\wp-content\themes\fictional-university-theme\header.php(7): wp_head()
#8 C:\Users\tonyt\Local Sites\fictional-university\app\public\wp-includes\template.php(810): require_once('C:\\Users\\tonyt\\...')
#9 C:\Users\tonyt\Local Sites\fictional-university\app\public\wp-includes\template.php(745): load_template('C:\\Users\\tonyt\\...', true, Array)
#10 C:\Users\tonyt\Local Sites\fictional-university\app\public\wp-includes\general-template.php(48): locate_template(Array, true, true, Array)
#11 C:\Users\tonyt\Local Sites\fictional-university\app\public\wp-content\themes\fictional-university-theme\single.php(2): get_header()
#12 C:\Users\tonyt\Local Sites\fictional-university\app\public\wp-includes\template-loader.php(106): include('C:\\Users\\tonyt\\...')
#13 C:\Users\tonyt\Local Sites\fictional-university\app\public\wp-blog-header.php(19): require_once('C:\\Users\\tonyt\\...')
#14 C:\Users\tonyt\Local Sites\fictional-university\app\public\index.php(17): require('C:\\Users\\tonyt\\...')
#15 {main}
  thrown in C:\Users\tonyt\Local Sites\fictional-university\app\public\wp-includes\class-wp-hook.php on line 324
[26-Dec-2024 16:43:42 UTC] PHP Parse error:  Unclosed '{' on line 5 in C:\Users\tonyt\Local Sites\fictional-university\app\public\wp-content\themes\fictional-university-theme\functions.php on line 13
[26-Dec-2024 16:43:42 UTC] PHP Parse error:  Unclosed '{' on line 5 in C:\Users\tonyt\Local Sites\fictional-university\app\public\wp-content\themes\fictional-university-theme\functions.php on line 13
[27-Dec-2024 22:01:01 UTC] PHP Fatal error:  Uncaught Error: Undefined constant "the_title" in C:\Users\tonyt\Local Sites\fictional-university\app\public\wp-content\themes\fictional-university-theme\page.php:11
Stack trace:
#0 C:\Users\tonyt\Local Sites\fictional-university\app\public\wp-includes\template-loader.php(106): include()
#1 C:\Users\tonyt\Local Sites\fictional-university\app\public\wp-blog-header.php(19): require_once('C:\\Users\\tonyt\\...')
#2 C:\Users\tonyt\Local Sites\fictional-university\app\public\index.php(17): require('C:\\Users\\tonyt\\...')
#3 {main}
  thrown in C:\Users\tonyt\Local Sites\fictional-university\app\public\wp-content\themes\fictional-university-theme\page.php on line 11
[04-Jan-2025 14:53:26 UTC] PHP Parse error:  syntax error, unexpected end of file in C:\Users\tonyt\Local Sites\fictional-university\app\public\wp-content\themes\fictional-university-theme\index.php on line 9
[04-Jan-2025 14:58:42 UTC] PHP Parse error:  syntax error, unexpected token "<", expecting end of file in C:\Users\tonyt\Local Sites\fictional-university\app\public\wp-content\themes\fictional-university-theme\index.php on line 6
[04-Jan-2025 14:58:59 UTC] PHP Parse error:  syntax error, unexpected identifier "get_footer" in C:\Users\tonyt\Local Sites\fictional-university\app\public\wp-content\themes\fictional-university-theme\index.php on line 10
[04-Jan-2025 20:59:15 UTC] PHP Parse error:  syntax error, unexpected token "=>" in C:\Users\tonyt\Local Sites\fictional-university\app\public\wp-content\mu-plugins\university-post-types.php on line 6
[04-Jan-2025 22:55:03 UTC] PHP Parse error:  syntax error, unexpected end of file in C:\Users\tonyt\Local Sites\fictional-university\app\public\wp-content\themes\fictional-university-theme\functions.php on line 32
[04-Jan-2025 22:55:03 UTC] PHP Parse error:  syntax error, unexpected end of file in C:\Users\tonyt\Local Sites\fictional-university\app\public\wp-content\themes\fictional-university-theme\functions.php on line 32
[04-Jan-2025 22:56:09 UTC] PHP Parse error:  syntax error, unexpected end of file in C:\Users\tonyt\Local Sites\fictional-university\app\public\wp-content\themes\fictional-university-theme\functions.php on line 32
[04-Jan-2025 22:56:10 UTC] PHP Parse error:  syntax error, unexpected end of file in C:\Users\tonyt\Local Sites\fictional-university\app\public\wp-content\themes\fictional-university-theme\functions.php on line 32
[04-Jan-2025 22:56:11 UTC] PHP Parse error:  syntax error, unexpected end of file in C:\Users\tonyt\Local Sites\fictional-university\app\public\wp-content\themes\fictional-university-theme\functions.php on line 32
[04-Jan-2025 22:56:11 UTC] PHP Parse error:  syntax error, unexpected end of file in C:\Users\tonyt\Local Sites\fictional-university\app\public\wp-content\themes\fictional-university-theme\functions.php on line 32
[05-Jan-2025 02:03:00 UTC] PHP Parse error:  syntax error, unexpected token "<" in C:\Users\tonyt\Local Sites\fictional-university\app\public\wp-content\themes\fictional-university-theme\single-event.php on line 31
[05-Jan-2025 02:09:12 UTC] PHP Parse error:  Unclosed '{' on line 4 in C:\Users\tonyt\Local Sites\fictional-university\app\public\wp-content\themes\fictional-university-theme\single-event.php on line 40
[05-Jan-2025 02:58:33 UTC] PHP Parse error:  Unmatched '}' in C:\Users\tonyt\Local Sites\fictional-university\app\public\wp-content\themes\fictional-university-theme\single-program.php on line 42
[10-Jan-2025 21:17:13 UTC] PHP Warning:  Undefined array key "size" in C:\Users\tonyt\Local Sites\fictional-university\app\public\wp-content\themes\fictional-university-theme\single-professor.php on line 10
[10-Jan-2025 21:17:13 UTC] PHP Warning:  Trying to access array offset on value of type null in C:\Users\tonyt\Local Sites\fictional-university\app\public\wp-content\themes\fictional-university-theme\single-professor.php on line 10
[10-Jan-2025 21:18:43 UTC] PHP Warning:  Undefined array key "size" in C:\Users\tonyt\Local Sites\fictional-university\app\public\wp-content\themes\fictional-university-theme\single-professor.php on line 10
[10-Jan-2025 21:18:43 UTC] PHP Warning:  Trying to access array offset on value of type null in C:\Users\tonyt\Local Sites\fictional-university\app\public\wp-content\themes\fictional-university-theme\single-professor.php on line 10
[10-Jan-2025 21:19:03 UTC] PHP Fatal error:  Uncaught Error: Array callback must have exactly two elements in C:\Users\tonyt\Local Sites\fictional-university\app\public\wp-content\themes\fictional-university-theme\single-professor.php:10
Stack trace:
#0 C:\Users\tonyt\Local Sites\fictional-university\app\public\wp-includes\template-loader.php(106): include()
#1 C:\Users\tonyt\Local Sites\fictional-university\app\public\wp-blog-header.php(19): require_once('C:\\Users\\tonyt\\...')
#2 C:\Users\tonyt\Local Sites\fictional-university\app\public\index.php(17): require('C:\\Users\\tonyt\\...')
#3 {main}
  thrown in C:\Users\tonyt\Local Sites\fictional-university\app\public\wp-content\themes\fictional-university-theme\single-professor.php on line 10
[13-Jan-2025 13:40:17 UTC] PHP Warning:  Undefined array key "photo" in C:\Users\tonyt\Local Sites\fictional-university\app\public\wp-content\themes\fictional-university-theme\functions.php on line 13
[13-Jan-2025 13:41:02 UTC] PHP Warning:  Trying to access array offset on value of type null in C:\Users\tonyt\Local Sites\fictional-university\app\public\wp-content\themes\fictional-university-theme\functions.php on line 5
[13-Jan-2025 13:41:02 UTC] PHP Warning:  Undefined array key "subtitle" in C:\Users\tonyt\Local Sites\fictional-university\app\public\wp-content\themes\fictional-university-theme\functions.php on line 9
[13-Jan-2025 13:41:02 UTC] PHP Warning:  Undefined array key "photo" in C:\Users\tonyt\Local Sites\fictional-university\app\public\wp-content\themes\fictional-university-theme\functions.php on line 13
